<?xml version="1.0" encoding="UTF-8"?>
<testsuite xmlns:xsi="http://www.w3.org/2001/XMLSchema-instance" xsi:noNamespaceSchemaLocation="https://maven.apache.org/surefire/maven-surefire-plugin/xsd/surefire-test-report-3.0.xsd" version="3.0" name="edu.oop.guild.model.DeliveryPlanTest" time="0.134" tests="9" errors="0" skipped="0" failures="0">
  <properties>
[...]
</properties>
  <testcase name="rejectsInvalidConstructorValues(Class, DeliveryRequest, Creature, String, int)[1]" classname="edu.oop.guild.model.DeliveryPlanTest" time="0.045"/>
  <testcase name="rejectsInvalidConstructorValues(Class, DeliveryRequest, Creature, String, int)[2]" classname="edu.oop.guild.model.DeliveryPlanTest" time="0.001"/>
  <testcase name="rejectsInvalidConstructorValues(Class, DeliveryRequest, Creature, String, int)[3]" classname="edu.oop.guild.model.DeliveryPlanTest" time="0.001"/>
  <testcase name="rejectsInvalidConstructorValues(Class, DeliveryRequest, Creature, String, int)[4]" classname="edu.oop.guild.model.DeliveryPlanTest" time="0.001"/>
  <testcase name="exposesPlanValues(Function, Object)[1]" classname="edu.oop.guild.model.DeliveryPlanTest" time="0.004"/>
  <testcase name="exposesPlanValues(Function, Object)[2]" classname="edu.oop.guild.model.DeliveryPlanTest" time="0.001"/>
  <testcase name="exposesPlanValues(Function, Object)[3]" classname="edu.oop.guild.model.DeliveryPlanTest" time="0.001"/>
  <testcase name="exposesPlanValues(Function, Object)[4]" classname="edu.oop.guild.model.DeliveryPlanTest" time="0.001"/>
  <testcase name="exposesPlanValues(Function, Object)[5]" classname="edu.oop.guild.model.DeliveryPlanTest" time="0.008"/>
</testsuite>